WARNING:tensorflow:From /content/drive/My Drive/bert-master/optimization.py:87: The name tf.train.Optimizer is deprecated. Please use tf.compat.v1.train.Optimizer instead.

WARNING:tensorflow:From run_classifier.py:1028: The name tf.app.run is deprecated. Please use tf.compat.v1.app.run instead.

WARNING:tensorflow:From run_classifier.py:830: The name tf.logging.set_verbosity is deprecated. Please use tf.compat.v1.logging.set_verbosity instead.

W0727 13:18:52.870354 140105345578880 module_wrapper.py:139] From run_classifier.py:830: The name tf.logging.set_verbosity is deprecated. Please use tf.compat.v1.logging.set_verbosity instead.

WARNING:tensorflow:From run_classifier.py:830: The name tf.logging.INFO is deprecated. Please use tf.compat.v1.logging.INFO instead.

W0727 13:18:52.870627 140105345578880 module_wrapper.py:139] From run_classifier.py:830: The name tf.logging.INFO is deprecated. Please use tf.compat.v1.logging.INFO instead.

WARNING:tensorflow:From /content/drive/My Drive/bert-master/modeling.py:93: The name tf.gfile.GFile is deprecated. Please use tf.io.gfile.GFile instead.

W0727 13:18:52.871196 140105345578880 module_wrapper.py:139] From /content/drive/My Drive/bert-master/modeling.py:93: The name tf.gfile.GFile is deprecated. Please use tf.io.gfile.GFile instead.

WARNING:tensorflow:From run_classifier.py:855: The name tf.gfile.MakeDirs is deprecated. Please use tf.io.gfile.makedirs instead.

W0727 13:18:53.358405 140105345578880 module_wrapper.py:139] From run_classifier.py:855: The name tf.gfile.MakeDirs is deprecated. Please use tf.io.gfile.makedirs instead.

WARNING:tensorflow:
The TensorFlow contrib module will not be included in TensorFlow 2.0.
For more information, please see:
  * https://github.com/tensorflow/community/blob/master/rfcs/20180907-contrib-sunset.md
  * https://github.com/tensorflow/addons
  * https://github.com/tensorflow/io (for I/O related ops)
If you depend on functionality not listed there, please file an issue.

W0727 13:18:53.776056 140105345578880 lazy_loader.py:50] 
The TensorFlow contrib module will not be included in TensorFlow 2.0.
For more information, please see:
  * https://github.com/tensorflow/community/blob/master/rfcs/20180907-contrib-sunset.md
  * https://github.com/tensorflow/addons
  * https://github.com/tensorflow/io (for I/O related ops)
If you depend on functionality not listed there, please file an issue.

I0727 13:18:54.910285 140105345578880 utils.py:157] NumExpr defaulting to 2 threads.
Traceback (most recent call last):
  File "run_classifier.py", line 1028, in <module>
    tf.app.run()
  File "/usr/local/lib/python3.7/dist-packages/tensorflow_core/python/platform/app.py", line 40, in run
    _run(main=main, argv=argv, flags_parser=_parse_flags_tolerate_undef)
  File "/usr/local/lib/python3.7/dist-packages/absl/app.py", line 303, in run
    _run_main(main, args)
  File "/usr/local/lib/python3.7/dist-packages/absl/app.py", line 251, in _run_main
    sys.exit(main(argv))
  File "run_classifier.py", line 889, in main
    train_examples = processor.get_train_examples(FLAGS.data_dir)
  File "run_classifier.py", line 379, in get_train_examples
    train_df = pd.read_csv(file_path, encoding='utf-8', sep='\t')
  File "/usr/local/lib/python3.7/dist-packages/pandas/io/parsers.py", line 688, in read_csv
    return _read(filepath_or_buffer, kwds)
  File "/usr/local/lib/python3.7/dist-packages/pandas/io/parsers.py", line 454, in _read
    parser = TextFileReader(fp_or_buf, **kwds)
  File "/usr/local/lib/python3.7/dist-packages/pandas/io/parsers.py", line 948, in __init__
    self._make_engine(self.engine)
  File "/usr/local/lib/python3.7/dist-packages/pandas/io/parsers.py", line 1180, in _make_engine
    self._engine = CParserWrapper(self.f, **self.options)
  File "/usr/local/lib/python3.7/dist-packages/pandas/io/parsers.py", line 1993, in __init__
    src = open(src, "rb")
FileNotFoundError: [Errno 2] No such file or directory: '/content/drive/MyDrive/ColabNotebooks/Bert/data/train.tsv'
